<?xml version="1.0" encoding="UTF-8"?>
<testng-results ignored="0" total="1" passed="1" failed="0" skipped="0">
  <reporter-output>
  </reporter-output>
  <suite started-at="2022-03-21T02:22:18 NZDT" name="Default suite" finished-at="2022-03-21T02:22:29 NZDT" duration-ms="10723">
    <groups>
    </groups>
    <test started-at="2022-03-21T02:22:18 NZDT" name="Default test" finished-at="2022-03-21T02:22:29 NZDT" duration-ms="10723">
      <class name="test.TestNG">
        <test-method is-config="true" signature="setUpTest()[pri:0, instance:test.TestNG@4f18837a]" started-at="2022-03-21T02:22:18 NZDT" name="setUpTest" finished-at="2022-03-21T02:22:22 NZDT" duration-ms="3795" status="PASS">
          <reporter-output>
          </reporter-output>
        </test-method> <!-- setUpTest -->
        <test-method signature="GoogleSearch()[pri:0, instance:test.TestNG@4f18837a]" started-at="2022-03-21T02:22:22 NZDT" name="GoogleSearch" finished-at="2022-03-21T02:22:28 NZDT" duration-ms="6385" status="PASS">
          <reporter-output>
          </reporter-output>
        </test-method> <!-- GoogleSearch -->
        <test-method is-config="true" signature="tearDown()[pri:0, instance:test.TestNG@4f18837a]" started-at="2022-03-21T02:22:28 NZDT" name="tearDown" finished-at="2022-03-21T02:22:29 NZDT" duration-ms="449" status="PASS">
          <reporter-output>
          </reporter-output>
        </test-method> <!-- tearDown -->
      </class> <!-- test.TestNG -->
    </test> <!-- Default test -->
  </suite> <!-- Default suite -->
</testng-results>
